#
# There is insufficient memory for the Java Runtime Environment to continue.
# Native memory allocation (malloc) failed to allocate 1910176 bytes for Chunk::new
# Possible reasons:
#   The system is out of physical RAM or swap space
#   In 32 bit mode, the process size limit was hit
# Possible solutions:
#   Reduce memory load on the system
#   Increase physical memory or swap space
#   Check if swap backing store is full
#   Use 64 bit Java on a 64 bit OS
#   Decrease Java heap size (-Xmx/-Xms)
#   Decrease number of Java threads
#   Decrease Java thread stack sizes (-Xss)
#   Set larger code cache with -XX:ReservedCodeCacheSize=
# This output file may be truncated or incomplete.
#
#  Out of Memory Error (allocation.cpp:390), pid=188, tid=4392
#
# JRE version: Java(TM) SE Runtime Environment (8.0_91-b14) (build 1.8.0_91-b14)
# Java VM: Java HotSpot(TM) 64-Bit Server VM (25.91-b14 mixed mode windows-amd64 compressed oops)
# Failed to write core dump. Minidumps are not enabled by default on client versions of Windows
#

---------------  T H R E A D  ---------------

Current thread (0x000000005503b800):  JavaThread "C2 CompilerThread0" daemon [_thread_in_native, id=4392, stack(0x0000000056bf0000,0x0000000056cf0000)]

Stack: [0x0000000056bf0000,0x0000000056cf0000]
[error occurred during error reporting (printing stack bounds), id 0xc0000005]

Native frames: (J=compiled Java code, j=interpreted, Vv=VM code, C=native code)


Current CompileTask:
C2:  21598 2230   !   4       com.android.dx.cf.code.BytecodeArray::parseInstruction (2764 bytes)


---------------  P R O C E S S  ---------------

Java Threads: ( => current thread )
  0x0000000056799800 JavaThread "pool-1-thread-1" [_thread_new, id=3276, stack(0x0000000000000000,0x0000000000000000)]
  0x000000005652a000 JavaThread "Service Thread" daemon [_thread_blocked, id=120, stack(0x00000000570c0000,0x00000000571c0000)]
  0x0000000056524800 JavaThread "C1 CompilerThread2" daemon [_thread_blocked, id=5044, stack(0x0000000056af0000,0x0000000056bf0000)]
  0x0000000056520000 JavaThread "C2 CompilerThread1" daemon [_thread_blocked, id=596, stack(0x0000000056e00000,0x0000000056f00000)]
=>0x000000005503b800 JavaThread "C2 CompilerThread0" daemon [_thread_in_native, id=4392, stack(0x0000000056bf0000,0x0000000056cf0000)]
  0x00000000564b9000 JavaThread "Attach Listener" daemon [_thread_blocked, id=3444, stack(0x0000000056970000,0x0000000056a70000)]
  0x000000005503a800 JavaThread "Signal Dispatcher" daemon [_thread_blocked, id=2164, stack(0x00000000560d0000,0x00000000561d0000)]
  0x0000000055019000 JavaThread "Finalizer" daemon [_thread_blocked, id=3036, stack(0x00000000563b0000,0x00000000564b0000)]
  0x0000000054fd2000 JavaThread "Reference Handler" daemon [_thread_blocked, id=4180, stack(0x0000000056210000,0x0000000056310000)]
  0x00000000000ff000 JavaThread "main" [_thread_blocked, id=2752, stack(0x0000000002760000,0x0000000002860000)]

Other Threads:
  0x0000000054fca800 VMThread [stack: 0x0000000055f90000,0x0000000056090000] [id=2836]
  0x0000000056582800 WatcherThread [stack: 0x0000000057240000,0x0000000057340000] [id=1728]

VM state:synchronizing (normal execution)

VM Mutex/Monitor currently owned by a thread:  ([mutex/lock_event])
[0x00000000000fd170] Safepoint_lock - owner thread: 0x0000000054fca800
[0x00000000000fd1f0] Threads_lock - owner thread: 0x0000000054fca800

Heap:
 PSYoungGen      total 132096K, used 62164K [0x00000000eab00000, 0x00000000f3f00000, 0x0000000100000000)
  eden space 120320K, 41% used [0x00000000eab00000,0x00000000edc39f58,0x00000000f2080000)
  from space 11776K, 99% used [0x00000000f2e80000,0x00000000f39fb488,0x00000000f3a00000)
  to   space 14336K, 0% used [0x00000000f2080000,0x00000000f2080000,0x00000000f2e80000)
 ParOldGen       total 81408K, used 58283K [0x00000000c0000000, 0x00000000c4f80000, 0x00000000eab00000)
  object space 81408K, 71% used [0x00000000c0000000,0x00000000c38eaf88,0x00000000c4f80000)
 Metaspace       used 6499K, capacity 7256K, committed 7424K, reserved 1056768K
  class space    used 622K, capacity 656K, committed 768K, reserved 1048576K

Card table byte_map: [0x0000000011c20000,0x0000000011e30000] byte_map_base: 0x0000000011620000

Marking Bits: (ParMarkBitMap*) 0x000000005c7f2f70
 Begin Bits: [0x0000000012440000, 0x0000000013440000)
 End Bits:   [0x0000000013440000, 0x0000000014440000)

Polling page: 0x0000000000150000

CodeCache: size=245760Kb used=8199Kb max_used=10376Kb free=237560Kb
 bounds [0x0000000002860000, 0x00000000032a0000, 0x0000000011860000]
 total_blobs=2083 nmethods=1811 adapters=184
 compilation: enabled

Compilation events (10 events):
Event: 14.244 Thread 0x0000000056524800 2234       3       com.android.dx.ssa.SsaMethod::deleteInsns (239 bytes)
Event: 14.247 Thread 0x0000000056524800 nmethod 2234 0x000000000321d410 code [0x000000000321d800, 0x000000000321fc18]
Event: 14.248 Thread 0x0000000056524800 2235       2       com.android.dx.rop.cst.CstLiteralBits::fitsIn16Bits (26 bytes)
Event: 14.248 Thread 0x0000000056524800 nmethod 2235 0x0000000003201510 code [0x0000000003201680, 0x0000000003201858]
Event: 14.255 Thread 0x0000000056524800 2237       2       com.android.dx.cf.direct.AnnotationParser::<init> (69 bytes)
Event: 14.256 Thread 0x0000000056524800 nmethod 2237 0x0000000003200b10 code [0x0000000003200cc0, 0x00000000032011c8]
Event: 14.379 Thread 0x0000000056524800 2240       2       com.android.dx.rop.code.RegisterSpecList::indexOfRegister (38 bytes)
Event: 14.380 Thread 0x0000000056524800 nmethod 2240 0x0000000003200590 code [0x0000000003200700, 0x0000000003200948]
Event: 18.207 Thread 0x000000005503b800 nmethod 2204 0x0000000003227690 code [0x00000000032279a0, 0x000000000322af28]
Event: 18.207 Thread 0x000000005503b800 2230   !   4       com.android.dx.cf.code.BytecodeArray::parseInstruction (2764 bytes)

GC Heap History (10 events):
Event: 7.413 GC heap before
{Heap before GC invocations=4 (full 0):
 PSYoungGen      total 33280K, used 33280K [0x00000000eab00000, 0x00000000eec00000, 0x0000000100000000)
  eden space 30720K, 100% used [0x00000000eab00000,0x00000000ec900000,0x00000000ec900000)
  from space 2560K, 100% used [0x00000000ec900000,0x00000000ecb80000,0x00000000ecb80000)
  to   space 2560K, 0% used [0x00000000ee980000,0x00000000ee980000,0x00000000eec00000)
 ParOldGen       total 40960K, used 8893K [0x00000000c0000000, 0x00000000c2800000, 0x00000000eab00000)
  object space 40960K, 21% used [0x00000000c0000000,0x00000000c08af7b0,0x00000000c2800000)
 Metaspace       used 6240K, capacity 7152K, committed 7296K, reserved 1056768K
  class space    used 599K, capacity 616K, committed 640K, reserved 1048576K
Event: 7.434 GC heap after
Heap after GC invocations=4 (full 0):
 PSYoungGen      total 64000K, used 2560K [0x00000000eab00000, 0x00000000eec00000, 0x0000000100000000)
  eden space 61440K, 0% used [0x00000000eab00000,0x00000000eab00000,0x00000000ee700000)
  from space 2560K, 100% used [0x00000000ee980000,0x00000000eec00000,0x00000000eec00000)
  to   space 2560K, 0% used [0x00000000ee700000,0x00000000ee700000,0x00000000ee980000)
 ParOldGen       total 40960K, used 13488K [0x00000000c0000000, 0x00000000c2800000, 0x00000000eab00000)
  object space 40960K, 32% used [0x00000000c0000000,0x00000000c0d2c128,0x00000000c2800000)
 Metaspace       used 6240K, capacity 7152K, committed 7296K, reserved 1056768K
  class space    used 599K, capacity 616K, committed 640K, reserved 1048576K
}
Event: 8.784 GC heap before
{Heap before GC invocations=5 (full 0):
 PSYoungGen      total 64000K, used 64000K [0x00000000eab00000, 0x00000000eec00000, 0x0000000100000000)
  eden space 61440K, 100% used [0x00000000eab00000,0x00000000ee700000,0x00000000ee700000)
  from space 2560K, 100% used [0x00000000ee980000,0x00000000eec00000,0x00000000eec00000)
  to   space 2560K, 0% used [0x00000000ee700000,0x00000000ee700000,0x00000000ee980000)
 ParOldGen       total 40960K, used 13488K [0x00000000c0000000, 0x00000000c2800000, 0x00000000eab00000)
  object space 40960K, 32% used [0x00000000c0000000,0x00000000c0d2c128,0x00000000c2800000)
 Metaspace       used 6253K, capacity 7152K, committed 7296K, reserved 1056768K
  class space    used 599K, capacity 616K, committed 640K, reserved 1048576K
Event: 9.050 GC heap after
Heap after GC invocations=5 (full 0):
 PSYoungGen      total 64000K, used 2560K [0x00000000eab00000, 0x00000000f3a00000, 0x0000000100000000)
  eden space 61440K, 0% used [0x00000000eab00000,0x00000000eab00000,0x00000000ee700000)
  from space 2560K, 100% used [0x00000000ee700000,0x00000000ee980000,0x00000000ee980000)
  to   space 11776K, 0% used [0x00000000f2e80000,0x00000000f2e80000,0x00000000f3a00000)
 ParOldGen       total 40960K, used 22544K [0x00000000c0000000, 0x00000000c2800000, 0x00000000eab00000)
  object space 40960K, 55% used [0x00000000c0000000,0x00000000c1604348,0x00000000c2800000)
 Metaspace       used 6253K, capacity 7152K, committed 7296K, reserved 1056768K
  class space    used 599K, capacity 616K, committed 640K, reserved 1048576K
}
Event: 11.900 GC heap before
{Heap before GC invocations=6 (full 0):
 PSYoungGen      total 64000K, used 64000K [0x00000000eab00000, 0x00000000f3a00000, 0x0000000100000000)
  eden space 61440K, 100% used [0x00000000eab00000,0x00000000ee700000,0x00000000ee700000)
  from space 2560K, 100% used [0x00000000ee700000,0x00000000ee980000,0x00000000ee980000)
  to   space 11776K, 0% used [0x00000000f2e80000,0x00000000f2e80000,0x00000000f3a00000)
 ParOldGen       total 40960K, used 22544K [0x00000000c0000000, 0x00000000c2800000, 0x00000000eab00000)
  object space 40960K, 55% used [0x00000000c0000000,0x00000000c1604348,0x00000000c2800000)
 Metaspace       used 6365K, capacity 7216K, committed 7296K, reserved 1056768K
  class space    used 600K, capacity 616K, committed 640K, reserved 1048576K
Event: 11.926 GC heap after
Heap after GC invocations=6 (full 0):
 PSYoungGen      total 132096K, used 11749K [0x00000000eab00000, 0x00000000f3f00000, 0x0000000100000000)
  eden space 120320K, 0% used [0x00000000eab00000,0x00000000eab00000,0x00000000f2080000)
  from space 11776K, 99% used [0x00000000f2e80000,0x00000000f39f94d8,0x00000000f3a00000)
  to   space 14336K, 0% used [0x00000000f2080000,0x00000000f2080000,0x00000000f2e80000)
 ParOldGen       total 40960K, used 23450K [0x00000000c0000000, 0x00000000c2800000, 0x00000000eab00000)
  object space 40960K, 57% used [0x00000000c0000000,0x00000000c16e6b00,0x00000000c2800000)
 Metaspace       used 6365K, capacity 7216K, committed 7296K, reserved 1056768K
  class space    used 600K, capacity 616K, committed 640K, reserved 1048576K
}
Event: 14.380 GC heap before
{Heap before GC invocations=7 (full 0):
 PSYoungGen      total 132096K, used 132069K [0x00000000eab00000, 0x00000000f3f00000, 0x0000000100000000)
  eden space 120320K, 100% used [0x00000000eab00000,0x00000000f2080000,0x00000000f2080000)
  from space 11776K, 99% used [0x00000000f2e80000,0x00000000f39f94d8,0x00000000f3a00000)
  to   space 14336K, 0% used [0x00000000f2080000,0x00000000f2080000,0x00000000f2e80000)
 ParOldGen       total 40960K, used 23450K [0x00000000c0000000, 0x00000000c2800000, 0x00000000eab00000)
  object space 40960K, 57% used [0x00000000c0000000,0x00000000c16e6b00,0x00000000c2800000)
 Metaspace       used 6477K, capacity 7256K, committed 7424K, reserved 1056768K
  class space    used 620K, capacity 656K, committed 768K, reserved 1048576K
Event: 15.130 GC heap after
Heap after GC invocations=7 (full 0):
 PSYoungGen      total 134656K, used 14333K [0x00000000eab00000, 0x00000000f3f00000, 0x0000000100000000)
  eden space 120320K, 0% used [0x00000000eab00000,0x00000000eab00000,0x00000000f2080000)
  from space 14336K, 99% used [0x00000000f2080000,0x00000000f2e7f640,0x00000000f2e80000)
  to   space 11776K, 0% used [0x00000000f2e80000,0x00000000f2e80000,0x00000000f3a00000)
 ParOldGen       total 40960K, used 40595K [0x00000000c0000000, 0x00000000c2800000, 0x00000000eab00000)
  object space 40960K, 99% used [0x00000000c0000000,0x00000000c27a4f88,0x00000000c2800000)
 Metaspace       used 6477K, capacity 7256K, committed 7424K, reserved 1056768K
  class space    used 620K, capacity 656K, committed 768K, reserved 1048576K
}
Event: 15.130 GC heap before
{Heap before GC invocations=8 (full 1):
 PSYoungGen      total 134656K, used 14333K [0x00000000eab00000, 0x00000000f3f00000, 0x0000000100000000)
  eden space 120320K, 0% used [0x00000000eab00000,0x00000000eab00000,0x00000000f2080000)
  from space 14336K, 99% used [0x00000000f2080000,0x00000000f2e7f640,0x00000000f2e80000)
  to   space 11776K, 0% used [0x00000000f2e80000,0x00000000f2e80000,0x00000000f3a00000)
 ParOldGen       total 40960K, used 40595K [0x00000000c0000000, 0x00000000c2800000, 0x00000000eab00000)
  object space 40960K, 99% used [0x00000000c0000000,0x00000000c27a4f88,0x00000000c2800000)
 Metaspace       used 6477K, capacity 7256K, committed 7424K, reserved 1056768K
  class space    used 620K, capacity 656K, committed 768K, reserved 1048576K
Event: 18.201 GC heap after
Heap after GC invocations=8 (full 1):
 PSYoungGen      total 134656K, used 10703K [0x00000000eab00000, 0x00000000f3f00000, 0x0000000100000000)
  eden space 120320K, 0% used [0x00000000eab00000,0x00000000eab00000,0x00000000f2080000)
  from space 14336K, 74% used [0x00000000f2080000,0x00000000f2af3c48,0x00000000f2e80000)
  to   space 11776K, 0% used [0x00000000f2e80000,0x00000000f2e80000,0x00000000f3a00000)
 ParOldGen       total 81408K, used 40873K [0x00000000c0000000, 0x00000000c4f80000, 0x00000000eab00000)
  object space 81408K, 50% used [0x00000000c0000000,0x00000000c27ea440,0x00000000c4f80000)
 Metaspace       used 6477K, capacity 7256K, committed 7424K, reserved 1056768K
  class space    used 620K, capacity 656K, committed 768K, reserved 1048576K
}

Deoptimization events (10 events):
Event: 13.950 Thread 0x0000000056780800 Uncommon trap: reason=bimorphic action=maybe_recompile pc=0x0000000002d98e08 method=java.util.HashMap.putVal(ILjava/lang/Object;Ljava/lang/Object;ZZ)Ljava/lang/Object; @ 91
Event: 13.950 Thread 0x0000000056780800 Uncommon trap: reason=bimorphic action=maybe_recompile pc=0x0000000002d98e08 method=java.util.HashMap.putVal(ILjava/lang/Object;Ljava/lang/Object;ZZ)Ljava/lang/Object; @ 91
Event: 14.198 Thread 0x000000005677e800 Uncommon trap: reason=unstable_if action=reinterpret pc=0x0000000002cb69b8 method=com.android.dx.ssa.SsaMethod.getExitBlock()Lcom/android/dx/ssa/SsaBasicBlock; @ 4
Event: 14.198 Thread 0x000000005677e800 Uncommon trap: reason=unstable_if action=reinterpret pc=0x0000000002ab0de4 method=com.android.dx.ssa.SsaMethod.getExitBlock()Lcom/android/dx/ssa/SsaBasicBlock; @ 4
Event: 14.199 Thread 0x000000005677e800 Uncommon trap: reason=unstable_if action=reinterpret pc=0x0000000003087bb0 method=com.android.dx.ssa.SsaMethod.getExitBlock()Lcom/android/dx/ssa/SsaBasicBlock; @ 4
Event: 14.241 Thread 0x000000005677e800 Uncommon trap: reason=bimorphic action=maybe_recompile pc=0x0000000003183568 method=com.android.dx.cf.code.BytecodeArray.parseInstruction(ILcom/android/dx/cf/code/BytecodeArray$Visitor;)I @ 1035
Event: 14.241 Thread 0x000000005677e800 Uncommon trap: reason=bimorphic action=maybe_recompile pc=0x0000000003183338 method=com.android.dx.cf.code.BytecodeArray.parseInstruction(ILcom/android/dx/cf/code/BytecodeArray$Visitor;)I @ 971
Event: 14.241 Thread 0x000000005677e800 Uncommon trap: reason=bimorphic action=maybe_recompile pc=0x00000000031833c4 method=com.android.dx.cf.code.BytecodeArray.parseInstruction(ILcom/android/dx/cf/code/BytecodeArray$Visitor;)I @ 987
Event: 14.241 Thread 0x000000005677e800 Uncommon trap: reason=bimorphic action=maybe_recompile pc=0x0000000003183834 method=com.android.dx.cf.code.BytecodeArray.parseInstruction(ILcom/android/dx/cf/code/BytecodeArray$Visitor;)I @ 1130
Event: 14.241 Thread 0x000000005677e800 Uncommon trap: reason=bimorphic action=maybe_recompile pc=0x0000000003183834 method=com.android.dx.cf.code.BytecodeArray.parseInstruction(ILcom/android/dx/cf/code/BytecodeArray$Visitor;)I @ 1130

Internal exceptions (9 events):
Event: 1.284 Thread 0x00000000000ff000 Exception <a 'java/lang/NoSuchMethodError': Method sun.misc.Unsafe.defineClass(Ljava/lang/String;[BII)Ljava/lang/Class; name or signature does not match> (0x00000000eab07cc0) thrown at [C:\re\workspace\8-2-build-windows-amd64-cygwin\jdk8u91\6644\hotspot\sr¡1îùÈãÙ?
Event: 1.284 Thread 0x00000000000ff000 Exception <a 'java/lang/NoSuchMethodError': Method sun.misc.Unsafe.prefetchRead(Ljava/lang/Object;J)V name or signature does not match> (0x00000000eab07fa8) thrown at [C:\re\workspace\8-2-build-windows-amd64-cygwin\jdk8u91\6644\hotspot\src\share\vm\prims\j^"¨@
Event: 4.418 Thread 0x0000000056780800 Implicit null exception at 0x0000000002bb10b9 to 0x0000000002bb1dc1
Event: 4.418 Thread 0x0000000056780800 Implicit null exception at 0x0000000002bd1156 to 0x0000000002bd1c31
Event: 5.790 Thread 0x0000000056799800 Implicit null exception at 0x0000000002df5092 to 0x0000000002df518a
Event: 11.993 Thread 0x0000000056780800 Implicit null exception at 0x0000000002e79439 to 0x0000000002e7aa95
Event: 13.576 Thread 0x0000000056780800 Exception <a 'java/lang/ArrayIndexOutOfBoundsException': 18> (0x00000000ee647838) thrown at [C:\re\workspace\8-2-build-windows-amd64-cygwin\jdk8u91\6644\hotspot\src\share\vm\interpreter\interpreterRuntime.cpp, line 366]
Event: 13.580 Thread 0x0000000056780800 Exception <a 'java/lang/ArrayIndexOutOfBoundsException': 145> (0x00000000ee6493b8) thrown at [C:\re\workspace\8-2-build-windows-amd64-cygwin\jdk8u91\6644\hotspot\src\share\vm\interpreter\interpreterRuntime.cpp, line 366]
Event: 13.947 Thread 0x0000000056780800 Exception <a 'java/lang/ArrayIndexOutOfBoundsException'> (0x00000000ee64a6a0) thrown at [C:\re\workspace\8-2-build-windows-amd64-cygwin\jdk8u91\6644\hotspot\src\share\vm\runtime\sharedRuntime.cpp, line 605]

Events (10 events):
Event: 14.241 Thread 0x000000005677e800 DEOPT PACKING pc=0x0000000003183834 sp=0x000000005770e420
Event: 14.241 Thread 0x000000005677e800 DEOPT UNPACKING pc=0x00000000028a582a sp=0x000000005770e3e8 mode 2
Event: 14.359 Thread 0x0000000056799800 DEOPT PACKING pc=0x0000000002ca92a9 sp=0x00000000579febb0
Event: 14.359 Thread 0x0000000056799800 DEOPT UNPACKING pc=0x00000000028a787f sp=0x00000000579fe940 mode 0
Event: 14.380 Executing VM operation: ParallelGCFailedAllocation
Event: 18.201 Executing VM operation: ParallelGCFailedAllocation done
Event: 18.207 Thread 0x000000005503b800 flushing nmethod 0x00000000029611d0
Event: 18.207 Thread 0x000000005503b800 flushing nmethod 0x000000000296de10
Event: 18.207 Thread 0x000000005503b800 flushing nmethod 0x0000000002974ed0
Event: 18.207 Thread 0x000000005503b800 flushing nmethod 0x000000000297b9d0


Dynamic libraries:
0x000000013fee0000 - 0x000000013ff17000 	C:\Program Files\Java\jdk1.8.0_91\bin\java.exe
0x0000000076f20000 - 0x00000000770c9000 	C:\Windows\SYSTEM32\ntdll.dll
0x0000000076d00000 - 0x0000000076e1f000 	C:\Windows\system32\kernel32.dll
0x000007fefd080000 - 0x000007fefd0ec000 	C:\Windows\system32\KERNELBASE.dll
0x000007fefdf50000 - 0x000007fefe02b000 	C:\Windows\system32\ADVAPI32.dll
0x000007fefe0b0000 - 0x000007fefe14f000 	C:\Windows\system32\msvcrt.dll
0x000007fefde90000 - 0x000007fefdeaf000 	C:\Windows\SYSTEM32\sechost.dll
0x000007fefd3e0000 - 0x000007fefd50d000 	C:\Windows\system32\RPCRT4.dll
0x0000000076e20000 - 0x0000000076f1a000 	C:\Windows\system32\USER32.dll
0x000007fefeee0000 - 0x000007fefef47000 	C:\Windows\system32\GDI32.dll
0x000007feff200000 - 0x000007feff20e000 	C:\Windows\system32\LPK.dll
0x000007fefdd60000 - 0x000007fefde29000 	C:\Windows\system32\USP10.dll
0x000007fefb3b0000 - 0x000007fefb5a4000 	C:\Windows\WinSxS\amd64_microsoft.windows.common-controls_6595b64144ccf1df_6.0.7601.17514_none_fa396087175ac9ac\COMCTL32.dll
0x000007fefe030000 - 0x000007fefe0a1000 	C:\Windows\system32\SHLWAPI.dll
0x000007fefd680000 - 0x000007fefd6ae000 	C:\Windows\system32\IMM32.DLL
0x000007fefd0f0000 - 0x000007fefd1f9000 	C:\Windows\system32\MSCTF.dll
0x00000000663d0000 - 0x00000000664a2000 	C:\Program Files\Java\jdk1.8.0_91\jre\bin\msvcr100.dll
0x000000005bfe0000 - 0x000000005c873000 	C:\Program Files\Java\jdk1.8.0_91\jre\bin\server\jvm.dll
0x000007fefbc70000 - 0x000007fefbc79000 	C:\Windows\system32\WSOCK32.dll
0x000007fefd8c0000 - 0x000007fefd90d000 	C:\Windows\system32\WS2_32.dll
0x000007fefd790000 - 0x000007fefd798000 	C:\Windows\system32\NSI.dll
0x000007fef7910000 - 0x000007fef794b000 	C:\Windows\system32\WINMM.dll
0x000007fefbe20000 - 0x000007fefbe2c000 	C:\Windows\system32\VERSION.dll
0x00000000770e0000 - 0x00000000770e7000 	C:\Windows\system32\PSAPI.DLL
0x00000000739f0000 - 0x00000000739ff000 	C:\Program Files\Java\jdk1.8.0_91\jre\bin\verify.dll
0x00000000721e0000 - 0x0000000072209000 	C:\Program Files\Java\jdk1.8.0_91\jre\bin\java.dll
0x00000000721c0000 - 0x00000000721d6000 	C:\Program Files\Java\jdk1.8.0_91\jre\bin\zip.dll
0x000007fefe150000 - 0x000007fefeed8000 	C:\Windows\system32\SHELL32.dll
0x000007fefdb50000 - 0x000007fefdd53000 	C:\Windows\system32\ole32.dll
0x000007fefcd30000 - 0x000007fefcd3f000 	C:\Windows\system32\profapi.dll

VM Arguments:
jvm_args: -Djava.awt.headless=true -Xmx1024M -Dfile.encoding=x-windows-949 -Duser.country=KR -Duser.language=ko -Duser.variant 
java_command: com.android.dx.command.Main --dex --force-jumbo --num-threads=4 --multi-dex --output C:\Users\Administrator\Documents\GitHub\Convenience\app\build\intermediates\transforms\dex\debug\folders\1000\10\com.android.support-support-v4-24.0.0-alpha1_cc7366a68fed61e0339baa1503710ae0de6b069a C:\Users\Administrator\Documents\GitHub\Convenience\app\build\intermediates\exploded-aar\com.android.support\support-v4\24.0.0-alpha1\jars\classes.jar
java_class_path (initial): D:\Android_sdk\build-tools\23.0.1\lib\dx.jar
Launcher Type: SUN_STANDARD

Environment Variables:
JAVA_HOME=C:\Program Files\Java\jdk1.8.0_91
CLASSPATH=C:\Program Files\Java\jdk1.8.0_91\lib\tools.jar
PATH=C:\ProgramData\Oracle\Java\javapath;C:\Windows\system32;C:\Windows;C:\Windows\System32\Wbem;C:\Windows\System32\WindowsPowerShell\v1.0\;C:\Program Files\Java\jdk1.8.0_91\bin
USERNAME=Administrator
OS=Windows_NT
PROCESSOR_IDENTIFIER=Intel64 Family 6 Model 69 Stepping 1, GenuineIntel



---------------  S Y S T E M  ---------------

OS: Windows 7 , 64 bit Build 7601 (6.1.7601.18409)

CPU:total 4 (2 cores per cpu, 2 threads per core) family 6 model 69 stepping 1, cmov, cx8, fxsr, mmx, sse, sse2, sse3, ssse3, sse4.1, sse4.2, popcnt, avx, avx2, aes, clmul, erms, lzcnt, ht, tsc, tscinvbit, bmi1, bmi2

Memory: 4k page, physical 3890176k(85920k free), swap 5985464k(24824k free)

vm_info: Java HotSpot(TM) 64-Bit Server VM (25.91-b14) for windows-amd64 JRE (1.8.0_91-b14), built on Apr  1 2016 00:58:32 by "java_re" with MS VC++ 10.0 (VS2010)

time: Mon May 30 15:18:00 2016
elapsed time: 24 seconds (0d 0h 0m 24s)

