#
# There is insufficient memory for the Java Runtime Environment to continue.
# Native memory allocation (malloc) failed to allocate 831856 bytes for Chunk::new
# Possible reasons:
#   The system is out of physical RAM or swap space
#   In 32 bit mode, the process size limit was hit
# Possible solutions:
#   Reduce memory load on the system
#   Increase physical memory or swap space
#   Check if swap backing store is full
#   Use 64 bit Java on a 64 bit OS
#   Decrease Java heap size (-Xmx/-Xms)
#   Decrease number of Java threads
#   Decrease Java thread stack sizes (-Xss)
#   Set larger code cache with -XX:ReservedCodeCacheSize=
# This output file may be truncated or incomplete.
#
#  Out of Memory Error (allocation.cpp:390), pid=6080, tid=1480
#
# JRE version: Java(TM) SE Runtime Environment (8.0_91-b14) (build 1.8.0_91-b14)
# Java VM: Java HotSpot(TM) 64-Bit Server VM (25.91-b14 mixed mode windows-amd64 compressed oops)
# Failed to write core dump. Minidumps are not enabled by default on client versions of Windows
#

---------------  T H R E A D  ---------------

Current thread (0x00000000564f0000):  JavaThread "C2 CompilerThread1" daemon [_thread_in_native, id=1480, stack(0x0000000056ca0000,0x0000000056da0000)]

Stack: [0x0000000056ca0000,0x0000000056da0000]
[error occurred during error reporting (printing stack bounds), id 0xc0000005]

Native frames: (J=compiled Java code, j=interpreted, Vv=VM code, C=native code)


Current CompileTask:
C2:  28289 1988   !   4       com.android.dx.cf.code.BytecodeArray::parseInstruction (2764 bytes)


---------------  P R O C E S S  ---------------

Java Threads: ( => current thread )
  0x0000000056761000 JavaThread "pool-2-thread-4" [_thread_blocked, id=6416, stack(0x0000000057770000,0x0000000057870000)]
  0x0000000056757800 JavaThread "pool-2-thread-3" [_thread_blocked, id=2620, stack(0x00000000575b0000,0x00000000576b0000)]
  0x0000000056754800 JavaThread "pool-2-thread-2" [_thread_blocked, id=5960, stack(0x00000000569c0000,0x0000000056ac0000)]
  0x000000005674f000 JavaThread "pool-3-thread-1" [_thread_blocked, id=804, stack(0x0000000057060000,0x0000000057160000)]
  0x000000005674d000 JavaThread "pool-2-thread-1" [_thread_blocked, id=6408, stack(0x0000000057350000,0x0000000057450000)]
  0x00000000564f4000 JavaThread "Service Thread" daemon [_thread_blocked, id=6044, stack(0x0000000056f50000,0x0000000057050000)]
  0x00000000564f1000 JavaThread "C1 CompilerThread2" daemon [_thread_blocked, id=7032, stack(0x0000000056df0000,0x0000000056ef0000)]
=>0x00000000564f0000 JavaThread "C2 CompilerThread1" daemon [_thread_in_native, id=1480, stack(0x0000000056ca0000,0x0000000056da0000)]
  0x0000000054feb800 JavaThread "C2 CompilerThread0" daemon [_thread_blocked, id=4876, stack(0x0000000056b40000,0x0000000056c40000)]
  0x000000005648b000 JavaThread "Attach Listener" daemon [_thread_blocked, id=956, stack(0x0000000056880000,0x0000000056980000)]
  0x000000005648a800 JavaThread "Signal Dispatcher" daemon [_thread_blocked, id=6772, stack(0x0000000056280000,0x0000000056380000)]
  0x0000000054fc3000 JavaThread "Finalizer" daemon [_thread_blocked, id=4992, stack(0x0000000056380000,0x0000000056480000)]
  0x0000000054f81800 JavaThread "Reference Handler" daemon [_thread_blocked, id=6372, stack(0x0000000056100000,0x0000000056200000)]
  0x000000000249f000 JavaThread "main" [_thread_blocked, id=5320, stack(0x00000000024f0000,0x00000000025f0000)]

Other Threads:
  0x0000000054f7a000 VMThread [stack: 0x0000000055ff0000,0x00000000560f0000] [id=5520]
  0x00000000564fe000 WatcherThread [stack: 0x0000000057160000,0x0000000057260000] [id=5128]

VM state:at safepoint (normal execution)

VM Mutex/Monitor currently owned by a thread:  ([mutex/lock_event])
[0x000000000249d3a0] Threads_lock - owner thread: 0x0000000054f7a000
[0x000000000249d8a0] Heap_lock - owner thread: 0x000000000249f000

Heap:
 PSYoungGen      total 64000K, used 63980K [0x00000000eab00000, 0x00000000f3a00000, 0x0000000100000000)
  eden space 61440K, 100% used [0x00000000eab00000,0x00000000ee700000,0x00000000ee700000)
  from space 2560K, 99% used [0x00000000ee700000,0x00000000ee97b050,0x00000000ee980000)
  to   space 11776K, 88% used [0x00000000f2e80000,0x00000000f38b0c90,0x00000000f3a00000)
 ParOldGen       total 40960K, used 22625K [0x00000000c0000000, 0x00000000c2800000, 0x00000000eab00000)
  object space 40960K, 55% used [0x00000000c0000000,0x00000000c1618658,0x00000000c2800000)
 Metaspace       used 6345K, capacity 7192K, committed 7424K, reserved 1056768K
  class space    used 621K, capacity 656K, committed 768K, reserved 1048576K

Card table byte_map: [0x0000000011a60000,0x0000000011c70000] byte_map_base: 0x0000000011460000

Marking Bits: (ParMarkBitMap*) 0x0000000066072f70
 Begin Bits: [0x00000000123f0000, 0x00000000133f0000)
 End Bits:   [0x00000000133f0000, 0x00000000143f0000)

Polling page: 0x0000000000330000

CodeCache: size=245760Kb used=7456Kb max_used=9616Kb free=238303Kb
 bounds [0x00000000026a0000, 0x0000000003020000, 0x00000000116a0000]
 total_blobs=1906 nmethods=1634 adapters=184
 compilation: enabled

Compilation events (10 events):
Event: 27.347 Thread 0x00000000564f1000 1987       3       com.android.dx.cf.code.LocalVariableList$Item::matchesAllButType (53 bytes)
Event: 27.347 Thread 0x00000000564f1000 nmethod 1987 0x00000000027c6990 code [0x00000000027c6b20, 0x00000000027c7068]
Event: 27.359 Thread 0x0000000054feb800 nmethod 1986 0x0000000002fcd190 code [0x0000000002fcd480, 0x0000000002fcde68]
Event: 27.399 Thread 0x00000000564f0000 1988   !   4       com.android.dx.cf.code.BytecodeArray::parseInstruction (2764 bytes)
Event: 27.401 Thread 0x0000000054feb800 1989       4       java.util.HashMap::put (13 bytes)
Event: 27.404 Thread 0x00000000564f1000 1990       1       com.android.dx.cf.code.ByteOps::opInfo (6 bytes)
Event: 27.404 Thread 0x00000000564f1000 nmethod 1990 0x000000000280edd0 code [0x000000000280ef20, 0x000000000280f030]
Event: 27.404 Thread 0x00000000564f1000 1991       3       com.android.dx.rop.type.Type::isArray (19 bytes)
Event: 27.405 Thread 0x00000000564f1000 nmethod 1991 0x00000000027b4290 code [0x00000000027b4420, 0x00000000027b47c8]
Event: 27.415 Thread 0x0000000054feb800 nmethod 1989 0x00000000027dd490 code [0x00000000027dd640, 0x00000000027dde50]

GC Heap History (10 events):
Event: 4.342 GC heap before
{Heap before GC invocations=1 (full 0):
 PSYoungGen      total 17920K, used 15360K [0x00000000eab00000, 0x00000000ebf00000, 0x0000000100000000)
  eden space 15360K, 100% used [0x00000000eab00000,0x00000000eba00000,0x00000000eba00000)
  from space 2560K, 0% used [0x00000000ebc80000,0x00000000ebc80000,0x00000000ebf00000)
  to   space 2560K, 0% used [0x00000000eba00000,0x00000000eba00000,0x00000000ebc80000)
 ParOldGen       total 40960K, used 0K [0x00000000c0000000, 0x00000000c2800000, 0x00000000eab00000)
  object space 40960K, 0% used [0x00000000c0000000,0x00000000c0000000,0x00000000c2800000)
 Metaspace       used 5776K, capacity 6768K, committed 7040K, reserved 1056768K
  class space    used 597K, capacity 616K, committed 640K, reserved 1048576K
Event: 4.922 GC heap after
Heap after GC invocations=1 (full 0):
 PSYoungGen      total 17920K, used 2532K [0x00000000eab00000, 0x00000000ece00000, 0x0000000100000000)
  eden space 15360K, 0% used [0x00000000eab00000,0x00000000eab00000,0x00000000eba00000)
  from space 2560K, 98% used [0x00000000eba00000,0x00000000ebc790b0,0x00000000ebc80000)
  to   space 2560K, 0% used [0x00000000ecb80000,0x00000000ecb80000,0x00000000ece00000)
 ParOldGen       total 40960K, used 1969K [0x00000000c0000000, 0x00000000c2800000, 0x00000000eab00000)
  object space 40960K, 4% used [0x00000000c0000000,0x00000000c01ec608,0x00000000c2800000)
 Metaspace       used 5776K, capacity 6768K, committed 7040K, reserved 1056768K
  class space    used 597K, capacity 616K, committed 640K, reserved 1048576K
}
Event: 6.697 GC heap before
{Heap before GC invocations=2 (full 0):
 PSYoungGen      total 17920K, used 17892K [0x00000000eab00000, 0x00000000ece00000, 0x0000000100000000)
  eden space 15360K, 100% used [0x00000000eab00000,0x00000000eba00000,0x00000000eba00000)
  from space 2560K, 98% used [0x00000000eba00000,0x00000000ebc790b0,0x00000000ebc80000)
  to   space 2560K, 0% used [0x00000000ecb80000,0x00000000ecb80000,0x00000000ece00000)
 ParOldGen       total 40960K, used 1969K [0x00000000c0000000, 0x00000000c2800000, 0x00000000eab00000)
  object space 40960K, 4% used [0x00000000c0000000,0x00000000c01ec608,0x00000000c2800000)
 Metaspace       used 6020K, capacity 6960K, committed 7040K, reserved 1056768K
  class space    used 599K, capacity 616K, committed 640K, reserved 1048576K
Event: 7.229 GC heap after
Heap after GC invocations=2 (full 0):
 PSYoungGen      total 33280K, used 2528K [0x00000000eab00000, 0x00000000ece00000, 0x0000000100000000)
  eden space 30720K, 0% used [0x00000000eab00000,0x00000000eab00000,0x00000000ec900000)
  from space 2560K, 98% used [0x00000000ecb80000,0x00000000ecdf8280,0x00000000ece00000)
  to   space 2560K, 0% used [0x00000000ec900000,0x00000000ec900000,0x00000000ecb80000)
 ParOldGen       total 40960K, used 4070K [0x00000000c0000000, 0x00000000c2800000, 0x00000000eab00000)
  object space 40960K, 9% used [0x00000000c0000000,0x00000000c03f9a10,0x00000000c2800000)
 Metaspace       used 6020K, capacity 6960K, committed 7040K, reserved 1056768K
  class space    used 599K, capacity 616K, committed 640K, reserved 1048576K
}
Event: 13.310 GC heap before
{Heap before GC invocations=3 (full 0):
 PSYoungGen      total 33280K, used 33248K [0x00000000eab00000, 0x00000000ece00000, 0x0000000100000000)
  eden space 30720K, 100% used [0x00000000eab00000,0x00000000ec900000,0x00000000ec900000)
  from space 2560K, 98% used [0x00000000ecb80000,0x00000000ecdf8280,0x00000000ece00000)
  to   space 2560K, 0% used [0x00000000ec900000,0x00000000ec900000,0x00000000ecb80000)
 ParOldGen       total 40960K, used 4070K [0x00000000c0000000, 0x00000000c2800000, 0x00000000eab00000)
  object space 40960K, 9% used [0x00000000c0000000,0x00000000c03f9a10,0x00000000c2800000)
 Metaspace       used 6133K, capacity 7088K, committed 7296K, reserved 1056768K
  class space    used 600K, capacity 616K, committed 640K, reserved 1048576K
Event: 14.373 GC heap after
Heap after GC invocations=3 (full 0):
 PSYoungGen      total 33280K, used 2529K [0x00000000eab00000, 0x00000000eec00000, 0x0000000100000000)
  eden space 30720K, 0% used [0x00000000eab00000,0x00000000eab00000,0x00000000ec900000)
  from space 2560K, 98% used [0x00000000ec900000,0x00000000ecb78510,0x00000000ecb80000)
  to   space 2560K, 0% used [0x00000000ee980000,0x00000000ee980000,0x00000000eec00000)
 ParOldGen       total 40960K, used 9009K [0x00000000c0000000, 0x00000000c2800000, 0x00000000eab00000)
  object space 40960K, 21% used [0x00000000c0000000,0x00000000c08cc7d0,0x00000000c2800000)
 Metaspace       used 6133K, capacity 7088K, committed 7296K, reserved 1056768K
  class space    used 600K, capacity 616K, committed 640K, reserved 1048576K
}
Event: 16.561 GC heap before
{Heap before GC invocations=4 (full 0):
 PSYoungGen      total 33280K, used 33249K [0x00000000eab00000, 0x00000000eec00000, 0x0000000100000000)
  eden space 30720K, 100% used [0x00000000eab00000,0x00000000ec900000,0x00000000ec900000)
  from space 2560K, 98% used [0x00000000ec900000,0x00000000ecb78510,0x00000000ecb80000)
  to   space 2560K, 0% used [0x00000000ee980000,0x00000000ee980000,0x00000000eec00000)
 ParOldGen       total 40960K, used 9009K [0x00000000c0000000, 0x00000000c2800000, 0x00000000eab00000)
  object space 40960K, 21% used [0x00000000c0000000,0x00000000c08cc7d0,0x00000000c2800000)
 Metaspace       used 6261K, capacity 7128K, committed 7424K, reserved 1056768K
  class space    used 620K, capacity 656K, committed 768K, reserved 1048576K
Event: 16.694 GC heap after
Heap after GC invocations=4 (full 0):
 PSYoungGen      total 64000K, used 2549K [0x00000000eab00000, 0x00000000eec00000, 0x0000000100000000)
  eden space 61440K, 0% used [0x00000000eab00000,0x00000000eab00000,0x00000000ee700000)
  from space 2560K, 99% used [0x00000000ee980000,0x00000000eebfd5f0,0x00000000eec00000)
  to   space 2560K, 0% used [0x00000000ee700000,0x00000000ee700000,0x00000000ee980000)
 ParOldGen       total 40960K, used 13557K [0x00000000c0000000, 0x00000000c2800000, 0x00000000eab00000)
  object space 40960K, 33% used [0x00000000c0000000,0x00000000c0d3d7f0,0x00000000c2800000)
 Metaspace       used 6261K, capacity 7128K, committed 7424K, reserved 1056768K
  class space    used 620K, capacity 656K, committed 768K, reserved 1048576K
}
Event: 24.391 GC heap before
{Heap before GC invocations=5 (full 0):
 PSYoungGen      total 64000K, used 63989K [0x00000000eab00000, 0x00000000eec00000, 0x0000000100000000)
  eden space 61440K, 100% used [0x00000000eab00000,0x00000000ee700000,0x00000000ee700000)
  from space 2560K, 99% used [0x00000000ee980000,0x00000000eebfd5f0,0x00000000eec00000)
  to   space 2560K, 0% used [0x00000000ee700000,0x00000000ee700000,0x00000000ee980000)
 ParOldGen       total 40960K, used 13557K [0x00000000c0000000, 0x00000000c2800000, 0x00000000eab00000)
  object space 40960K, 33% used [0x00000000c0000000,0x00000000c0d3d7f0,0x00000000c2800000)
 Metaspace       used 6313K, capacity 7128K, committed 7424K, reserved 1056768K
  class space    used 620K, capacity 656K, committed 768K, reserved 1048576K
Event: 24.587 GC heap after
Heap after GC invocations=5 (full 0):
 PSYoungGen      total 64000K, used 2540K [0x00000000eab00000, 0x00000000f3a00000, 0x0000000100000000)
  eden space 61440K, 0% used [0x00000000eab00000,0x00000000eab00000,0x00000000ee700000)
  from space 2560K, 99% used [0x00000000ee700000,0x00000000ee97b050,0x00000000ee980000)
  to   space 11776K, 0% used [0x00000000f2e80000,0x00000000f2e80000,0x00000000f3a00000)
 ParOldGen       total 40960K, used 22617K [0x00000000c0000000, 0x00000000c2800000, 0x00000000eab00000)
  object space 40960K, 55% used [0x00000000c0000000,0x00000000c1616658,0x00000000c2800000)
 Metaspace       used 6313K, capacity 7128K, committed 7424K, reserved 1056768K
  class space    used 620K, capacity 656K, committed 768K, reserved 1048576K
}

Deoptimization events (10 events):
Event: 22.984 Thread 0x000000005674d000 Uncommon trap: reason=bimorphic action=maybe_recompile pc=0x0000000002d63b64 method=com.android.dx.cf.code.BytecodeArray.parseInstruction(ILcom/android/dx/cf/code/BytecodeArray$Visitor;)I @ 1130
Event: 26.012 Thread 0x0000000056754800 Uncommon trap: reason=unstable_if action=reinterpret pc=0x0000000002c6a3b4 method=com.android.dx.ssa.LiteralOpUpgrader$1.visitNonMoveInsn(Lcom/android/dx/ssa/NormalSsaInsn;)V @ 55
Event: 26.024 Thread 0x0000000056754800 Uncommon trap: reason=bimorphic action=maybe_recompile pc=0x0000000002e39204 method=com.android.dx.rop.code.RegisterSpec.withSimpleType()Lcom/android/dx/rop/code/RegisterSpec; @ 21
Event: 26.027 Thread 0x0000000056754800 Uncommon trap: reason=bimorphic action=maybe_recompile pc=0x0000000002e39204 method=com.android.dx.rop.code.RegisterSpec.withSimpleType()Lcom/android/dx/rop/code/RegisterSpec; @ 21
Event: 27.015 Thread 0x0000000056761000 Uncommon trap: reason=unstable_if action=reinterpret pc=0x0000000002f7a46c method=java.util.HashMap.putVal(ILjava/lang/Object;Ljava/lang/Object;ZZ)Ljava/lang/Object; @ 109
Event: 27.016 Thread 0x0000000056761000 Uncommon trap: reason=unstable_if action=reinterpret pc=0x0000000002cb64dc method=java.util.HashMap.putVal(ILjava/lang/Object;Ljava/lang/Object;ZZ)Ljava/lang/Object; @ 109
Event: 27.398 Thread 0x0000000056761000 Uncommon trap: reason=class_check action=maybe_recompile pc=0x0000000002fd4fe4 method=com.android.dx.cf.code.BytecodeArray.parseInstruction(ILcom/android/dx/cf/code/BytecodeArray$Visitor;)I @ 955
Event: 27.399 Thread 0x0000000056761000 Uncommon trap: reason=class_check action=maybe_recompile pc=0x0000000002fd4fe4 method=com.android.dx.cf.code.BytecodeArray.parseInstruction(ILcom/android/dx/cf/code/BytecodeArray$Visitor;)I @ 955
Event: 27.399 Thread 0x0000000056761000 Uncommon trap: reason=class_check action=maybe_recompile pc=0x0000000002fd4fe4 method=com.android.dx.cf.code.BytecodeArray.parseInstruction(ILcom/android/dx/cf/code/BytecodeArray$Visitor;)I @ 955
Event: 27.399 Thread 0x0000000056761000 Uncommon trap: reason=class_check action=maybe_recompile pc=0x0000000002fd4fe4 method=com.android.dx.cf.code.BytecodeArray.parseInstruction(ILcom/android/dx/cf/code/BytecodeArray$Visitor;)I @ 955

Internal exceptions (6 events):
Event: 0.541 Thread 0x000000000249f000 Exception <a 'java/lang/NoSuchMethodError': Method sun.misc.Unsafe.defineClass(Ljava/lang/String;[BII)Ljava/lang/Class; name or signature does not match> (0x00000000eab07cc0) thrown at [C:\re\workspace\8-2-build-windows-amd64-cygwin\jdk8u91\6644\hotspot\srºlaPSá?
Event: 0.541 Thread 0x000000000249f000 Exception <a 'java/lang/NoSuchMethodError': Method sun.misc.Unsafe.prefetchRead(Ljava/lang/Object;J)V name or signature does not match> (0x00000000eab07fa8) thrown at [C:\re\workspace\8-2-build-windows-amd64-cygwin\jdk8u91\6644\hotspot\src\share\vm\prims\jPµÀª¸\!@
Event: 8.681 Thread 0x0000000056757800 Implicit null exception at 0x0000000002a372fe to 0x0000000002a39521
Event: 16.497 Thread 0x0000000056761000 Exception <a 'java/lang/ArrayIndexOutOfBoundsException': 18> (0x00000000ec2e8960) thrown at [C:\re\workspace\8-2-build-windows-amd64-cygwin\jdk8u91\6644\hotspot\src\share\vm\interpreter\interpreterRuntime.cpp, line 366]
Event: 16.497 Thread 0x0000000056761000 Exception <a 'java/lang/ArrayIndexOutOfBoundsException': 145> (0x00000000ec2ea4e0) thrown at [C:\re\workspace\8-2-build-windows-amd64-cygwin\jdk8u91\6644\hotspot\src\share\vm\interpreter\interpreterRuntime.cpp, line 366]
Event: 16.498 Thread 0x0000000056761000 Exception <a 'java/lang/ArrayIndexOutOfBoundsException'> (0x00000000ec2eb7c8) thrown at [C:\re\workspace\8-2-build-windows-amd64-cygwin\jdk8u91\6644\hotspot\src\share\vm\runtime\sharedRuntime.cpp, line 605]

Events (10 events):
Event: 27.398 Thread 0x0000000056761000 DEOPT UNPACKING pc=0x00000000026e582a sp=0x000000005786ed90 mode 2
Event: 27.399 Thread 0x0000000056761000 Uncommon trap: trap_request=0xffffffde fr.pc=0x0000000002fd4fe4
Event: 27.399 Thread 0x0000000056761000 DEOPT PACKING pc=0x0000000002fd4fe4 sp=0x000000005786ee20
Event: 27.399 Thread 0x0000000056761000 DEOPT UNPACKING pc=0x00000000026e582a sp=0x000000005786ed90 mode 2
Event: 27.399 Thread 0x0000000056761000 Uncommon trap: trap_request=0xffffffde fr.pc=0x0000000002fd4fe4
Event: 27.399 Thread 0x0000000056761000 DEOPT PACKING pc=0x0000000002fd4fe4 sp=0x000000005786eeb0
Event: 27.399 Thread 0x0000000056761000 DEOPT UNPACKING pc=0x00000000026e582a sp=0x000000005786ee20 mode 2
Event: 27.399 Thread 0x0000000056761000 Uncommon trap: trap_request=0xffffffde fr.pc=0x0000000002fd4fe4
Event: 27.399 Thread 0x0000000056761000 DEOPT PACKING pc=0x0000000002fd4fe4 sp=0x000000005786eeb0
Event: 27.399 Thread 0x0000000056761000 DEOPT UNPACKING pc=0x00000000026e582a sp=0x000000005786ee20 mode 2


Dynamic libraries:
0x000000013fd00000 - 0x000000013fd37000 	C:\Program Files\Java\jdk1.8.0_91\bin\java.exe
0x0000000077290000 - 0x0000000077439000 	C:\Windows\SYSTEM32\ntdll.dll
0x0000000077170000 - 0x000000007728f000 	C:\Windows\system32\kernel32.dll
0x000007fefd0c0000 - 0x000007fefd12c000 	C:\Windows\system32\KERNELBASE.dll
0x000007fefd990000 - 0x000007fefda6b000 	C:\Windows\system32\ADVAPI32.dll
0x000007fefd460000 - 0x000007fefd4ff000 	C:\Windows\system32\msvcrt.dll
0x000007fefdbe0000 - 0x000007fefdbff000 	C:\Windows\SYSTEM32\sechost.dll
0x000007fefd860000 - 0x000007fefd98d000 	C:\Windows\system32\RPCRT4.dll
0x0000000077070000 - 0x000000007716a000 	C:\Windows\system32\USER32.dll
0x000007fefde00000 - 0x000007fefde67000 	C:\Windows\system32\GDI32.dll
0x000007fefd5b0000 - 0x000007fefd5be000 	C:\Windows\system32\LPK.dll
0x000007feff040000 - 0x000007feff109000 	C:\Windows\system32\USP10.dll
0x000007fefb7c0000 - 0x000007fefb9b4000 	C:\Windows\WinSxS\amd64_microsoft.windows.common-controls_6595b64144ccf1df_6.0.7601.17514_none_fa396087175ac9ac\COMCTL32.dll
0x000007fefd5c0000 - 0x000007fefd631000 	C:\Windows\system32\SHLWAPI.dll
0x000007fefe0b0000 - 0x000007fefe0de000 	C:\Windows\system32\IMM32.DLL
0x000007fefe0e0000 - 0x000007fefe1e9000 	C:\Windows\system32\MSCTF.dll
0x0000000066460000 - 0x0000000066532000 	C:\Program Files\Java\jdk1.8.0_91\jre\bin\msvcr100.dll
0x0000000065860000 - 0x00000000660f3000 	C:\Program Files\Java\jdk1.8.0_91\jre\bin\server\jvm.dll
0x000007fef6110000 - 0x000007fef6119000 	C:\Windows\system32\WSOCK32.dll
0x000007fefd560000 - 0x000007fefd5ad000 	C:\Windows\system32\WS2_32.dll
0x000007fefd640000 - 0x000007fefd648000 	C:\Windows\system32\NSI.dll
0x000007fef95f0000 - 0x000007fef962b000 	C:\Windows\system32\WINMM.dll
0x000007fefc190000 - 0x000007fefc19c000 	C:\Windows\system32\VERSION.dll
0x0000000077450000 - 0x0000000077457000 	C:\Windows\system32\PSAPI.DLL
0x00000000748a0000 - 0x00000000748af000 	C:\Program Files\Java\jdk1.8.0_91\jre\bin\verify.dll
0x0000000074870000 - 0x0000000074899000 	C:\Program Files\Java\jdk1.8.0_91\jre\bin\java.dll
0x0000000074850000 - 0x0000000074866000 	C:\Program Files\Java\jdk1.8.0_91\jre\bin\zip.dll
0x000007fefe290000 - 0x000007feff018000 	C:\Windows\system32\SHELL32.dll
0x000007fefd650000 - 0x000007fefd853000 	C:\Windows\system32\ole32.dll
0x000007fefd0a0000 - 0x000007fefd0af000 	C:\Windows\system32\profapi.dll

VM Arguments:
jvm_args: -Djava.awt.headless=true -Xmx1024M -Dfile.encoding=x-windows-949 -Duser.country=KR -Duser.language=ko -Duser.variant 
java_command: com.android.dx.command.Main --dex --force-jumbo --num-threads=4 --multi-dex --output D:\github\Convenience\app\build\intermediates\transforms\dex\debug\folders\1000\10\com.android.support-appcompat-v7-24.0.0-beta1_c9bf4c93b0599336933899c88f519e3e845fea8e D:\github\Convenience\app\build\intermediates\exploded-aar\com.android.support\appcompat-v7\24.0.0-beta1\jars\classes.jar
java_class_path (initial): D:\Android_sdk\build-tools\23.0.1\lib\dx.jar
Launcher Type: SUN_STANDARD

Environment Variables:
JAVA_HOME=C:\Program Files\Java\jdk1.8.0_91
CLASSPATH=C:\Program Files\Java\jdk1.8.0_91\lib\tools.jar
PATH=C:\ProgramData\Oracle\Java\javapath;C:\Windows\system32;C:\Windows;C:\Windows\System32\Wbem;C:\Windows\System32\WindowsPowerShell\v1.0\;C:\Program Files\Java\jdk1.8.0_91\bin;C:\Windows\system32\config\systemprofile\.dnx\bin;C:\Program Files\Microsoft DNX\Dnvm\;C:\Program Files\Microsoft SQL Server\130\Tools\Binn\;C:\Program Files (x86)\Windows Kits\8.1\Windows Performance Toolkit\
USERNAME=Administrator
OS=Windows_NT
PROCESSOR_IDENTIFIER=Intel64 Family 6 Model 69 Stepping 1, GenuineIntel



---------------  S Y S T E M  ---------------

OS: Windows 7 , 64 bit Build 7601 (6.1.7601.18409)

CPU:total 4 (2 cores per cpu, 2 threads per core) family 6 model 69 stepping 1, cmov, cx8, fxsr, mmx, sse, sse2, sse3, ssse3, sse4.1, sse4.2, popcnt, avx, avx2, aes, clmul, erms, lzcnt, ht, tsc, tscinvbit, bmi1, bmi2

Memory: 4k page, physical 3890176k(21600k free), swap 5985464k(7784k free)

vm_info: Java HotSpot(TM) 64-Bit Server VM (25.91-b14) for windows-amd64 JRE (1.8.0_91-b14), built on Apr  1 2016 00:58:32 by "java_re" with MS VC++ 10.0 (VS2010)

time: Wed Jun 15 12:22:36 2016
elapsed time: 28 seconds (0d 0h 0m 28s)

