#
# There is insufficient memory for the Java Runtime Environment to continue.
# Native memory allocation (malloc) failed to allocate 1810096 bytes for Chunk::new
# Possible reasons:
#   The system is out of physical RAM or swap space
#   In 32 bit mode, the process size limit was hit
# Possible solutions:
#   Reduce memory load on the system
#   Increase physical memory or swap space
#   Check if swap backing store is full
#   Use 64 bit Java on a 64 bit OS
#   Decrease Java heap size (-Xmx/-Xms)
#   Decrease number of Java threads
#   Decrease Java thread stack sizes (-Xss)
#   Set larger code cache with -XX:ReservedCodeCacheSize=
# This output file may be truncated or incomplete.
#
#  Out of Memory Error (allocation.cpp:390), pid=6600, tid=5156
#
# JRE version: Java(TM) SE Runtime Environment (8.0_91-b14) (build 1.8.0_91-b14)
# Java VM: Java HotSpot(TM) 64-Bit Server VM (25.91-b14 mixed mode windows-amd64 compressed oops)
# Failed to write core dump. Minidumps are not enabled by default on client versions of Windows
#

---------------  T H R E A D  ---------------

Current thread (0x000000005657c000):  JavaThread "C2 CompilerThread1" daemon [_thread_in_native, id=5156, stack(0x0000000057000000,0x0000000057100000)]

Stack: [0x0000000057000000,0x0000000057100000]
[error occurred during error reporting (printing stack bounds), id 0xc0000005]

Native frames: (J=compiled Java code, j=interpreted, Vv=VM code, C=native code)


Current CompileTask:
C2:  30906 2428   !   4       com.android.dx.cf.code.BytecodeArray::parseInstruction (2764 bytes)


---------------  P R O C E S S  ---------------

Java Threads: ( => current thread )
  0x0000000056863000 JavaThread "pool-2-thread-4" [_thread_in_Java, id=6284, stack(0x0000000057a80000,0x0000000057b80000)]
  0x0000000056859000 JavaThread "pool-2-thread-3" [_thread_in_Java, id=1484, stack(0x00000000577a0000,0x00000000578a0000)]
  0x0000000056842800 JavaThread "pool-2-thread-2" [_thread_in_Java, id=6160, stack(0x0000000057620000,0x0000000057720000)]
  0x000000005683f000 JavaThread "pool-3-thread-1" [_thread_blocked, id=872, stack(0x00000000574a0000,0x00000000575a0000)]
  0x0000000056839000 JavaThread "pool-2-thread-1" [_thread_in_Java, id=4128, stack(0x0000000056ef0000,0x0000000056ff0000)]
  0x0000000056581000 JavaThread "Service Thread" daemon [_thread_blocked, id=5880, stack(0x0000000057310000,0x0000000057410000)]
  0x000000005657d000 JavaThread "C1 CompilerThread2" daemon [_thread_in_native, id=6580, stack(0x00000000571e0000,0x00000000572e0000)]
=>0x000000005657c000 JavaThread "C2 CompilerThread1" daemon [_thread_in_native, id=5156, stack(0x0000000057000000,0x0000000057100000)]
  0x000000005513c000 JavaThread "C2 CompilerThread0" daemon [_thread_in_native, id=5444, stack(0x0000000056d60000,0x0000000056e60000)]
  0x000000005656a800 JavaThread "Attach Listener" daemon [_thread_blocked, id=6056, stack(0x0000000056ba0000,0x0000000056ca0000)]
  0x000000005512c000 JavaThread "Signal Dispatcher" daemon [_thread_blocked, id=1320, stack(0x00000000569c0000,0x0000000056ac0000)]
  0x0000000055119000 JavaThread "Finalizer" daemon [_thread_blocked, id=7096, stack(0x0000000056460000,0x0000000056560000)]
  0x00000000550d2000 JavaThread "Reference Handler" daemon [_thread_blocked, id=5388, stack(0x0000000056220000,0x0000000056320000)]
  0x000000000259f000 JavaThread "main" [_thread_in_Java, id=4552, stack(0x0000000002810000,0x0000000002910000)]

Other Threads:
  0x00000000550ca000 VMThread [stack: 0x0000000056060000,0x0000000056160000] [id=6960]
  0x000000005663e000 WatcherThread [stack: 0x0000000056320000,0x0000000056420000] [id=3564]

VM state:not at safepoint (normal execution)

VM Mutex/Monitor currently owned by a thread: None

Heap:
 PSYoungGen      total 134656K, used 51486K [0x00000000eab00000, 0x00000000f3e00000, 0x0000000100000000)
  eden space 120832K, 34% used [0x00000000eab00000,0x00000000ed353940,0x00000000f2100000)
  from space 13824K, 73% used [0x00000000f2100000,0x00000000f2af3ee8,0x00000000f2e80000)
  to   space 11776K, 0% used [0x00000000f2e80000,0x00000000f2e80000,0x00000000f3a00000)
 ParOldGen       total 40960K, used 40601K [0x00000000c0000000, 0x00000000c2800000, 0x00000000eab00000)
  object space 40960K, 99% used [0x00000000c0000000,0x00000000c27a66c8,0x00000000c2800000)
 Metaspace       used 6479K, capacity 7256K, committed 7424K, reserved 1056768K
  class space    used 620K, capacity 656K, committed 768K, reserved 1048576K

Card table byte_map: [0x0000000011cd0000,0x0000000011ee0000] byte_map_base: 0x00000000116d0000

Marking Bits: (ParMarkBitMap*) 0x0000000066072f70
 Begin Bits: [0x0000000012540000, 0x0000000013540000)
 End Bits:   [0x0000000013540000, 0x0000000014540000)

Polling page: 0x0000000000230000

CodeCache: size=245760Kb used=9165Kb max_used=11599Kb free=236594Kb
 bounds [0x0000000002910000, 0x0000000003480000, 0x0000000011910000]
 total_blobs=2196 nmethods=1925 adapters=184
 compilation: enabled

Compilation events (10 events):
Event: 29.521 Thread 0x000000005657d000 2430       1       com.android.dx.cf.code.BaseMachine::auxType (6 bytes)
Event: 29.521 Thread 0x000000005657d000 nmethod 2430 0x0000000002a74150 code [0x0000000002a742a0, 0x0000000002a743d0]
Event: 29.524 Thread 0x000000005657d000 2432   !   3       com.android.dx.cf.attrib.AttInnerClasses::<init> (43 bytes)
Event: 29.524 Thread 0x000000005657d000 nmethod 2432 0x0000000002a1b5d0 code [0x0000000002a1b780, 0x0000000002a1bc78]
Event: 29.612 Thread 0x000000005657d000 2435       3       com.android.dx.rop.code.Rops::opIfGe (13 bytes)
Event: 29.613 Thread 0x000000005657d000 nmethod 2435 0x0000000002b113d0 code [0x0000000002b11540, 0x0000000002b116c8]
Event: 29.619 Thread 0x000000005657d000 2436       3       com.android.dx.dex.cf.AttributeTranslator::translateEnclosingMethod (50 bytes)
Event: 30.059 Thread 0x000000005657c000 nmethod 2423 0x000000000347b310 code [0x000000000347b540, 0x000000000347d608]
Event: 30.060 Thread 0x000000005657c000 2428   !   4       com.android.dx.cf.code.BytecodeArray::parseInstruction (2764 bytes)
Event: 30.078 Thread 0x000000005657d000 nmethod 2436 0x0000000002af0090 code [0x0000000002af02e0, 0x0000000002af1108]

GC Heap History (10 events):
Event: 3.401 GC heap before
{Heap before GC invocations=2 (full 0):
 PSYoungGen      total 17920K, used 17888K [0x00000000eab00000, 0x00000000ece00000, 0x0000000100000000)
  eden space 15360K, 100% used [0x00000000eab00000,0x00000000eba00000,0x00000000eba00000)
  from space 2560K, 98% used [0x00000000eba00000,0x00000000ebc78288,0x00000000ebc80000)
  to   space 2560K, 0% used [0x00000000ecb80000,0x00000000ecb80000,0x00000000ece00000)
 ParOldGen       total 40960K, used 1883K [0x00000000c0000000, 0x00000000c2800000, 0x00000000eab00000)
  object space 40960K, 4% used [0x00000000c0000000,0x00000000c01d6fe0,0x00000000c2800000)
 Metaspace       used 5947K, capacity 6896K, committed 7040K, reserved 1056768K
  class space    used 599K, capacity 616K, committed 640K, reserved 1048576K
Event: 3.419 GC heap after
Heap after GC invocations=2 (full 0):
 PSYoungGen      total 33280K, used 2553K [0x00000000eab00000, 0x00000000ece00000, 0x0000000100000000)
  eden space 30720K, 0% used [0x00000000eab00000,0x00000000eab00000,0x00000000ec900000)
  from space 2560K, 99% used [0x00000000ecb80000,0x00000000ecdfe648,0x00000000ece00000)
  to   space 2560K, 0% used [0x00000000ec900000,0x00000000ec900000,0x00000000ecb80000)
 ParOldGen       total 40960K, used 4382K [0x00000000c0000000, 0x00000000c2800000, 0x00000000eab00000)
  object space 40960K, 10% used [0x00000000c0000000,0x00000000c04479f8,0x00000000c2800000)
 Metaspace       used 5947K, capacity 6896K, committed 7040K, reserved 1056768K
  class space    used 599K, capacity 616K, committed 640K, reserved 1048576K
}
Event: 3.981 GC heap before
{Heap before GC invocations=3 (full 0):
 PSYoungGen      total 33280K, used 33273K [0x00000000eab00000, 0x00000000ece00000, 0x0000000100000000)
  eden space 30720K, 100% used [0x00000000eab00000,0x00000000ec900000,0x00000000ec900000)
  from space 2560K, 99% used [0x00000000ecb80000,0x00000000ecdfe648,0x00000000ece00000)
  to   space 2560K, 0% used [0x00000000ec900000,0x00000000ec900000,0x00000000ecb80000)
 ParOldGen       total 40960K, used 4382K [0x00000000c0000000, 0x00000000c2800000, 0x00000000eab00000)
  object space 40960K, 10% used [0x00000000c0000000,0x00000000c04479f8,0x00000000c2800000)
 Metaspace       used 6127K, capacity 7088K, committed 7296K, reserved 1056768K
  class space    used 599K, capacity 616K, committed 640K, reserved 1048576K
Event: 4.120 GC heap after
Heap after GC invocations=3 (full 0):
 PSYoungGen      total 33280K, used 2537K [0x00000000eab00000, 0x00000000eec00000, 0x0000000100000000)
  eden space 30720K, 0% used [0x00000000eab00000,0x00000000eab00000,0x00000000ec900000)
  from space 2560K, 99% used [0x00000000ec900000,0x00000000ecb7a638,0x00000000ecb80000)
  to   space 2560K, 0% used [0x00000000ee980000,0x00000000ee980000,0x00000000eec00000)
 ParOldGen       total 40960K, used 9218K [0x00000000c0000000, 0x00000000c2800000, 0x00000000eab00000)
  object space 40960K, 22% used [0x00000000c0000000,0x00000000c0900a10,0x00000000c2800000)
 Metaspace       used 6127K, capacity 7088K, committed 7296K, reserved 1056768K
  class space    used 599K, capacity 616K, committed 640K, reserved 1048576K
}
Event: 5.317 GC heap before
{Heap before GC invocations=4 (full 0):
 PSYoungGen      total 33280K, used 33257K [0x00000000eab00000, 0x00000000eec00000, 0x0000000100000000)
  eden space 30720K, 100% used [0x00000000eab00000,0x00000000ec900000,0x00000000ec900000)
  from space 2560K, 99% used [0x00000000ec900000,0x00000000ecb7a638,0x00000000ecb80000)
  to   space 2560K, 0% used [0x00000000ee980000,0x00000000ee980000,0x00000000eec00000)
 ParOldGen       total 40960K, used 9218K [0x00000000c0000000, 0x00000000c2800000, 0x00000000eab00000)
  object space 40960K, 22% used [0x00000000c0000000,0x00000000c0900a10,0x00000000c2800000)
 Metaspace       used 6178K, capacity 7088K, committed 7296K, reserved 1056768K
  class space    used 599K, capacity 616K, committed 640K, reserved 1048576K
Event: 5.613 GC heap after
Heap after GC invocations=4 (full 0):
 PSYoungGen      total 64000K, used 2541K [0x00000000eab00000, 0x00000000eec00000, 0x0000000100000000)
  eden space 61440K, 0% used [0x00000000eab00000,0x00000000eab00000,0x00000000ee700000)
  from space 2560K, 99% used [0x00000000ee980000,0x00000000eebfb408,0x00000000eec00000)
  to   space 2560K, 0% used [0x00000000ee700000,0x00000000ee700000,0x00000000ee980000)
 ParOldGen       total 40960K, used 13958K [0x00000000c0000000, 0x00000000c2800000, 0x00000000eab00000)
  object space 40960K, 34% used [0x00000000c0000000,0x00000000c0da19c0,0x00000000c2800000)
 Metaspace       used 6178K, capacity 7088K, committed 7296K, reserved 1056768K
  class space    used 599K, capacity 616K, committed 640K, reserved 1048576K
}
Event: 9.230 GC heap before
{Heap before GC invocations=5 (full 0):
 PSYoungGen      total 64000K, used 63981K [0x00000000eab00000, 0x00000000eec00000, 0x0000000100000000)
  eden space 61440K, 100% used [0x00000000eab00000,0x00000000ee700000,0x00000000ee700000)
  from space 2560K, 99% used [0x00000000ee980000,0x00000000eebfb408,0x00000000eec00000)
  to   space 2560K, 0% used [0x00000000ee700000,0x00000000ee700000,0x00000000ee980000)
 ParOldGen       total 40960K, used 13958K [0x00000000c0000000, 0x00000000c2800000, 0x00000000eab00000)
  object space 40960K, 34% used [0x00000000c0000000,0x00000000c0da19c0,0x00000000c2800000)
 Metaspace       used 6238K, capacity 7152K, committed 7296K, reserved 1056768K
  class space    used 600K, capacity 616K, committed 640K, reserved 1048576K
Event: 9.431 GC heap after
Heap after GC invocations=5 (full 0):
 PSYoungGen      total 64000K, used 2536K [0x00000000eab00000, 0x00000000f3a00000, 0x0000000100000000)
  eden space 61440K, 0% used [0x00000000eab00000,0x00000000eab00000,0x00000000ee700000)
  from space 2560K, 99% used [0x00000000ee700000,0x00000000ee97a280,0x00000000ee980000)
  to   space 11776K, 0% used [0x00000000f2e80000,0x00000000f2e80000,0x00000000f3a00000)
 ParOldGen       total 40960K, used 22813K [0x00000000c0000000, 0x00000000c2800000, 0x00000000eab00000)
  object space 40960K, 55% used [0x00000000c0000000,0x00000000c16477c8,0x00000000c2800000)
 Metaspace       used 6238K, capacity 7152K, committed 7296K, reserved 1056768K
  class space    used 600K, capacity 616K, committed 640K, reserved 1048576K
}
Event: 15.595 GC heap before
{Heap before GC invocations=6 (full 0):
 PSYoungGen      total 64000K, used 63976K [0x00000000eab00000, 0x00000000f3a00000, 0x0000000100000000)
  eden space 61440K, 100% used [0x00000000eab00000,0x00000000ee700000,0x00000000ee700000)
  from space 2560K, 99% used [0x00000000ee700000,0x00000000ee97a280,0x00000000ee980000)
  to   space 11776K, 0% used [0x00000000f2e80000,0x00000000f2e80000,0x00000000f3a00000)
 ParOldGen       total 40960K, used 22813K [0x00000000c0000000, 0x00000000c2800000, 0x00000000eab00000)
  object space 40960K, 55% used [0x00000000c0000000,0x00000000c16477c8,0x00000000c2800000)
 Metaspace       used 6368K, capacity 7192K, committed 7424K, reserved 1056768K
  class space    used 620K, capacity 656K, committed 768K, reserved 1048576K
Event: 15.725 GC heap after
Heap after GC invocations=6 (full 0):
 PSYoungGen      total 132608K, used 11769K [0x00000000eab00000, 0x00000000f3e00000, 0x0000000100000000)
  eden space 120832K, 0% used [0x00000000eab00000,0x00000000eab00000,0x00000000f2100000)
  from space 11776K, 99% used [0x00000000f2e80000,0x00000000f39fe458,0x00000000f3a00000)
  to   space 13824K, 0% used [0x00000000f2100000,0x00000000f2100000,0x00000000f2e80000)
 ParOldGen       total 40960K, used 23178K [0x00000000c0000000, 0x00000000c2800000, 0x00000000eab00000)
  object space 40960K, 56% used [0x00000000c0000000,0x00000000c16a28b8,0x00000000c2800000)
 Metaspace       used 6368K, capacity 7192K, committed 7424K, reserved 1056768K
  class space    used 620K, capacity 656K, committed 768K, reserved 1048576K
}

Deoptimization events (10 events):
Event: 21.816 Thread 0x0000000056859000 Uncommon trap: reason=bimorphic action=maybe_recompile pc=0x00000000033378e4 method=com.android.dx.cf.code.BytecodeArray.parseInstruction(ILcom/android/dx/cf/code/BytecodeArray$Visitor;)I @ 971
Event: 27.345 Thread 0x0000000056859000 Uncommon trap: reason=unstable_if action=reinterpret pc=0x00000000032f4afc method=com.android.dx.ssa.SsaMethod.makeExitBlock()V @ 103
Event: 27.346 Thread 0x0000000056859000 Uncommon trap: reason=unstable_if action=reinterpret pc=0x0000000002e7b78c method=com.android.dx.ssa.SsaMethod.getExitBlock()Lcom/android/dx/ssa/SsaBasicBlock; @ 4
Event: 27.346 Thread 0x0000000056859000 Uncommon trap: reason=unstable_if action=reinterpret pc=0x0000000002b4c724 method=com.android.dx.ssa.SsaMethod.getExitBlock()Lcom/android/dx/ssa/SsaBasicBlock; @ 4
Event: 27.346 Thread 0x0000000056859000 Uncommon trap: reason=unstable_if action=reinterpret pc=0x0000000002d0553c method=com.android.dx.ssa.SsaMethod.getExitBlock()Lcom/android/dx/ssa/SsaBasicBlock; @ 4
Event: 27.360 Thread 0x0000000056859000 Uncommon trap: reason=unstable_if action=reinterpret pc=0x00000000032f6b38 method=com.android.dx.ssa.SsaMethod.getExitBlock()Lcom/android/dx/ssa/SsaBasicBlock; @ 4
Event: 27.360 Thread 0x0000000056859000 Uncommon trap: reason=unstable_if action=reinterpret pc=0x0000000003148208 method=com.android.dx.ssa.SsaMethod.getExitBlock()Lcom/android/dx/ssa/SsaBasicBlock; @ 4
Event: 29.511 Thread 0x0000000056842800 Uncommon trap: reason=bimorphic action=maybe_recompile pc=0x000000000340dba0 method=com.android.dx.cf.code.BytecodeArray.parseInstruction(ILcom/android/dx/cf/code/BytecodeArray$Visitor;)I @ 987
Event: 29.512 Thread 0x0000000056842800 Uncommon trap: reason=bimorphic action=maybe_recompile pc=0x000000000340dce8 method=com.android.dx.cf.code.BytecodeArray.parseInstruction(ILcom/android/dx/cf/code/BytecodeArray$Visitor;)I @ 1051
Event: 29.512 Thread 0x0000000056842800 Uncommon trap: reason=bimorphic action=maybe_recompile pc=0x000000000340dce8 method=com.android.dx.cf.code.BytecodeArray.parseInstruction(ILcom/android/dx/cf/code/BytecodeArray$Visitor;)I @ 1051

Internal exceptions (5 events):
Event: 0.298 Thread 0x000000000259f000 Exception <a 'java/lang/NoSuchMethodError': Method sun.misc.Unsafe.defineClass(Ljava/lang/String;[BII)Ljava/lang/Class; name or signature does not match> (0x00000000eab07cc0) thrown at [C:\re\workspace\8-2-build-windows-amd64-cygwin\jdk8u91\6644\hotspot\srÅ-ö”?
Event: 0.298 Thread 0x000000000259f000 Exception <a 'java/lang/NoSuchMethodError': Method sun.misc.Unsafe.prefetchRead(Ljava/lang/Object;J)V name or signature does not match> (0x00000000eab07fa8) thrown at [C:\re\workspace\8-2-build-windows-amd64-cygwin\jdk8u91\6644\hotspot\src\share\vm\prims\jﬁÁÅ*@
Event: 13.003 Thread 0x0000000056859000 Exception <a 'java/lang/ArrayIndexOutOfBoundsException': 18> (0x00000000ebf353e8) thrown at [C:\re\workspace\8-2-build-windows-amd64-cygwin\jdk8u91\6644\hotspot\src\share\vm\interpreter\interpreterRuntime.cpp, line 366]
Event: 13.003 Thread 0x0000000056859000 Exception <a 'java/lang/ArrayIndexOutOfBoundsException': 145> (0x00000000ebf36f68) thrown at [C:\re\workspace\8-2-build-windows-amd64-cygwin\jdk8u91\6644\hotspot\src\share\vm\interpreter\interpreterRuntime.cpp, line 366]
Event: 13.006 Thread 0x0000000056859000 Exception <a 'java/lang/ArrayIndexOutOfBoundsException'> (0x00000000ebf38250) thrown at [C:\re\workspace\8-2-build-windows-amd64-cygwin\jdk8u91\6644\hotspot\src\share\vm\runtime\sharedRuntime.cpp, line 605]

Events (10 events):
Event: 30.079 Thread 0x000000005657d000 flushing nmethod 0x0000000002a89010
Event: 30.079 Thread 0x000000005657d000 flushing nmethod 0x0000000002a8af90
Event: 30.079 Thread 0x000000005657d000 flushing nmethod 0x0000000002a8cc10
Event: 30.079 Thread 0x000000005657d000 flushing nmethod 0x0000000002a99c50
Event: 30.079 Thread 0x000000005657d000 flushing nmethod 0x0000000002a9ac90
Event: 30.079 Thread 0x000000005657d000 flushing nmethod 0x0000000002a9cfd0
Event: 30.079 Thread 0x000000005657d000 flushing nmethod 0x0000000002a9d690
Event: 30.080 Thread 0x000000005657d000 flushing nmethod 0x0000000002aa7ed0
Event: 30.080 Thread 0x000000005657d000 flushing nmethod 0x0000000002aacb50
Event: 30.080 Thread 0x000000005657d000 flushing nmethod 0x0000000002ab4f10


Dynamic libraries:
0x000000013fd00000 - 0x000000013fd37000 	C:\Program Files\Java\jdk1.8.0_91\bin\java.exe
0x0000000077290000 - 0x0000000077439000 	C:\Windows\SYSTEM32\ntdll.dll
0x0000000077170000 - 0x000000007728f000 	C:\Windows\system32\kernel32.dll
0x000007fefd0c0000 - 0x000007fefd12c000 	C:\Windows\system32\KERNELBASE.dll
0x000007fefd990000 - 0x000007fefda6b000 	C:\Windows\system32\ADVAPI32.dll
0x000007fefd460000 - 0x000007fefd4ff000 	C:\Windows\system32\msvcrt.dll
0x000007fefdbe0000 - 0x000007fefdbff000 	C:\Windows\SYSTEM32\sechost.dll
0x000007fefd860000 - 0x000007fefd98d000 	C:\Windows\system32\RPCRT4.dll
0x0000000077070000 - 0x000000007716a000 	C:\Windows\system32\USER32.dll
0x000007fefde00000 - 0x000007fefde67000 	C:\Windows\system32\GDI32.dll
0x000007fefd5b0000 - 0x000007fefd5be000 	C:\Windows\system32\LPK.dll
0x000007feff040000 - 0x000007feff109000 	C:\Windows\system32\USP10.dll
0x000007fefb7c0000 - 0x000007fefb9b4000 	C:\Windows\WinSxS\amd64_microsoft.windows.common-controls_6595b64144ccf1df_6.0.7601.17514_none_fa396087175ac9ac\COMCTL32.dll
0x000007fefd5c0000 - 0x000007fefd631000 	C:\Windows\system32\SHLWAPI.dll
0x000007fefe0b0000 - 0x000007fefe0de000 	C:\Windows\system32\IMM32.DLL
0x000007fefe0e0000 - 0x000007fefe1e9000 	C:\Windows\system32\MSCTF.dll
0x0000000066460000 - 0x0000000066532000 	C:\Program Files\Java\jdk1.8.0_91\jre\bin\msvcr100.dll
0x0000000065860000 - 0x00000000660f3000 	C:\Program Files\Java\jdk1.8.0_91\jre\bin\server\jvm.dll
0x000007fef6110000 - 0x000007fef6119000 	C:\Windows\system32\WSOCK32.dll
0x000007fefd560000 - 0x000007fefd5ad000 	C:\Windows\system32\WS2_32.dll
0x000007fefd640000 - 0x000007fefd648000 	C:\Windows\system32\NSI.dll
0x000007fef95f0000 - 0x000007fef962b000 	C:\Windows\system32\WINMM.dll
0x000007fefc190000 - 0x000007fefc19c000 	C:\Windows\system32\VERSION.dll
0x0000000077450000 - 0x0000000077457000 	C:\Windows\system32\PSAPI.DLL
0x00000000748a0000 - 0x00000000748af000 	C:\Program Files\Java\jdk1.8.0_91\jre\bin\verify.dll
0x0000000074870000 - 0x0000000074899000 	C:\Program Files\Java\jdk1.8.0_91\jre\bin\java.dll
0x0000000074850000 - 0x0000000074866000 	C:\Program Files\Java\jdk1.8.0_91\jre\bin\zip.dll
0x000007fefe290000 - 0x000007feff018000 	C:\Windows\system32\SHELL32.dll
0x000007fefd650000 - 0x000007fefd853000 	C:\Windows\system32\ole32.dll
0x000007fefd0a0000 - 0x000007fefd0af000 	C:\Windows\system32\profapi.dll

VM Arguments:
jvm_args: -Djava.awt.headless=true -Xmx1024M -Dfile.encoding=x-windows-949 -Duser.country=KR -Duser.language=ko -Duser.variant 
java_command: com.android.dx.command.Main --dex --force-jumbo --num-threads=4 --multi-dex --output D:\github\Convenience\app\build\intermediates\transforms\dex\debug\folders\1000\10\com.android.support-support-v4-24.0.0-beta1_f57eda9d105da93301bbe25470dc75b14d3e455c D:\github\Convenience\app\build\intermediates\exploded-aar\com.android.support\support-v4\24.0.0-beta1\jars\classes.jar
java_class_path (initial): D:\Android_sdk\build-tools\23.0.1\lib\dx.jar
Launcher Type: SUN_STANDARD

Environment Variables:
JAVA_HOME=C:\Program Files\Java\jdk1.8.0_91
CLASSPATH=C:\Program Files\Java\jdk1.8.0_91\lib\tools.jar
PATH=C:\ProgramData\Oracle\Java\javapath;C:\Windows\system32;C:\Windows;C:\Windows\System32\Wbem;C:\Windows\System32\WindowsPowerShell\v1.0\;C:\Program Files\Java\jdk1.8.0_91\bin;C:\Windows\system32\config\systemprofile\.dnx\bin;C:\Program Files\Microsoft DNX\Dnvm\;C:\Program Files\Microsoft SQL Server\130\Tools\Binn\;C:\Program Files (x86)\Windows Kits\8.1\Windows Performance Toolkit\
USERNAME=Administrator
OS=Windows_NT
PROCESSOR_IDENTIFIER=Intel64 Family 6 Model 69 Stepping 1, GenuineIntel



---------------  S Y S T E M  ---------------

OS: Windows 7 , 64 bit Build 7601 (6.1.7601.18409)

CPU:total 4 (2 cores per cpu, 2 threads per core) family 6 model 69 stepping 1, cmov, cx8, fxsr, mmx, sse, sse2, sse3, ssse3, sse4.1, sse4.2, popcnt, avx, avx2, aes, clmul, erms, lzcnt, ht, tsc, tscinvbit, bmi1, bmi2

Memory: 4k page, physical 3890176k(21760k free), swap 5985464k(7816k free)

vm_info: Java HotSpot(TM) 64-Bit Server VM (25.91-b14) for windows-amd64 JRE (1.8.0_91-b14), built on Apr  1 2016 00:58:32 by "java_re" with MS VC++ 10.0 (VS2010)

time: Wed Jun 15 12:22:36 2016
elapsed time: 31 seconds (0d 0h 0m 31s)

